<?xml version="1.0" encoding="UTF-8"?>
<testsuite name="com.adadapted.library.adTests.AdContentTest" tests="1" skipped="0" failures="0" errors="0" timestamp="2023-08-30T16:03:41" hostname="MatthewdAdapted.attlocal.net" time="0.002">
  <properties/>
  <testcase name="acknowledgesAndFailuresAreProperlyTracked" classname="com.adadapted.library.adTests.AdContentTest" time="0.002"/>
  <system-out><![CDATA[]]></system-out>
  <system-err><![CDATA[]]></system-err>
</testsuite>
