<?xml version="1.0" encoding="UTF-8"?>
<testsuite name="com.adadapted.library.adTests.keywordTests.InterceptClientTest" tests="6" skipped="0" failures="0" errors="0" timestamp="2023-08-30T16:03:40" hostname="MatthewdAdapted.attlocal.net" time="0.013">
  <properties/>
  <testcase name="trackSelected" classname="com.adadapted.library.adTests.keywordTests.InterceptClientTest" time="0.006"/>
  <testcase name="trackMatched" classname="com.adadapted.library.adTests.keywordTests.InterceptClientTest" time="0.001"/>
  <testcase name="initialize" classname="com.adadapted.library.adTests.keywordTests.InterceptClientTest" time="0.004"/>
  <testcase name="trackNotMatched" classname="com.adadapted.library.adTests.keywordTests.InterceptClientTest" time="0.001"/>
  <testcase name="createInstance" classname="com.adadapted.library.adTests.keywordTests.InterceptClientTest" time="0.001"/>
  <testcase name="trackPresented" classname="com.adadapted.library.adTests.keywordTests.InterceptClientTest" time="0.0"/>
  <system-out><![CDATA[]]></system-out>
  <system-err><![CDATA[]]></system-err>
</testsuite>
