<?xml version="1.0" encoding="UTF-8"?>
<testsuite name="com.adadapted.library.AndroidGreetingTest" tests="1" skipped="0" failures="0" errors="0" timestamp="2023-05-19T14:58:39" hostname="MatthewdAdapted.attlocal.net" time="0.003">
  <properties/>
  <testcase name="testExample" classname="com.adadapted.library.AndroidGreetingTest" time="0.003"/>
  <system-out><![CDATA[]]></system-out>
  <system-err><![CDATA[]]></system-err>
</testsuite>
