<?xml version="1.0" encoding="UTF-8"?>
<testsuite name="com.adadapted.library.adTests.payloadTests.PayloadClientTest" tests="8" skipped="0" failures="0" errors="0" timestamp="2023-05-22T16:47:22" hostname="MacBook-Pro.local" time="0.016">
  <properties/>
  <testcase name="markNonPayloadContentDuplicate" classname="com.adadapted.library.adTests.payloadTests.PayloadClientTest" time="0.005"/>
  <testcase name="markContentItemAcknowledged" classname="com.adadapted.library.adTests.payloadTests.PayloadClientTest" time="0.002"/>
  <testcase name="markNonPayloadContentFailed" classname="com.adadapted.library.adTests.payloadTests.PayloadClientTest" time="0.002"/>
  <testcase name="markContentAcknowledged" classname="com.adadapted.library.adTests.payloadTests.PayloadClientTest" time="0.002"/>
  <testcase name="markContentFailed" classname="com.adadapted.library.adTests.payloadTests.PayloadClientTest" time="0.001"/>
  <testcase name="markNonPayloadContentAcknowledged" classname="com.adadapted.library.adTests.payloadTests.PayloadClientTest" time="0.0"/>
  <testcase name="markContentDuplicate" classname="com.adadapted.library.adTests.payloadTests.PayloadClientTest" time="0.001"/>
  <testcase name="markContentItemFailed" classname="com.adadapted.library.adTests.payloadTests.PayloadClientTest" time="0.001"/>
  <system-out><![CDATA[]]></system-out>
  <system-err><![CDATA[]]></system-err>
</testsuite>
