<?xml version="1.0" encoding="UTF-8"?>
<testsuite name="com.adadapted.library.adTests.AdContentPublisherTest" tests="2" skipped="0" failures="0" errors="0" timestamp="2023-08-30T16:03:40" hostname="MatthewdAdapted.attlocal.net" time="0.006">
  <properties/>
  <testcase name="listenerIsAddedAndPublished" classname="com.adadapted.library.adTests.AdContentPublisherTest" time="0.006"/>
  <testcase name="listenerIsRemovedAndPublished" classname="com.adadapted.library.adTests.AdContentPublisherTest" time="0.0"/>
  <system-out><![CDATA[]]></system-out>
  <system-err><![CDATA[]]></system-err>
</testsuite>
