<?xml version="1.0" encoding="UTF-8"?>
<testsuite name="com.adadapted.library.adTests.keywordTests.InterceptClientTest" tests="6" skipped="0" failures="0" errors="0" timestamp="2023-05-22T16:47:22" hostname="MacBook-Pro.local" time="0.011">
  <properties/>
  <testcase name="trackSelected" classname="com.adadapted.library.adTests.keywordTests.InterceptClientTest" time="0.005"/>
  <testcase name="trackMatched" classname="com.adadapted.library.adTests.keywordTests.InterceptClientTest" time="0.001"/>
  <testcase name="initialize" classname="com.adadapted.library.adTests.keywordTests.InterceptClientTest" time="0.003"/>
  <testcase name="trackNotMatched" classname="com.adadapted.library.adTests.keywordTests.InterceptClientTest" time="0.001"/>
  <testcase name="createInstance" classname="com.adadapted.library.adTests.keywordTests.InterceptClientTest" time="0.0"/>
  <testcase name="trackPresented" classname="com.adadapted.library.adTests.keywordTests.InterceptClientTest" time="0.001"/>
  <system-out><![CDATA[]]></system-out>
  <system-err><![CDATA[]]></system-err>
</testsuite>
